<?xml version="1.0" encoding="UTF-8"?>
<!-- Generated by org.testng.reporters.JUnitReportReporter -->
<testsuite hostname="DESKTOP-VD4OOGI" failures="0" tests="2" name="k_pract.amazonTest" time="13.937" errors="0" timestamp="2023-10-09T15:08:33 IST" skipped="0">
  <testcase classname="k_pract.amazonTest" name="flip" time="6.803"/>
  <system-out/>
  <testcase classname="k_pract.amazonTest" name="flip" time="7.134"/>
  <system-out/>
</testsuite> <!-- k_pract.amazonTest -->
