<?xml version="1.0" encoding="UTF-8"?>
<!-- Generated by org.testng.reporters.JUnitReportReporter -->
<testsuite hostname="DESKTOP-VD4OOGI" failures="0" tests="1" name="k_pract.flipkart" time="55.526" errors="0" timestamp="2023-10-09T13:44:51 IST" skipped="0">
  <testcase classname="k_pract.flipkart" name="flip" time="55.526"/>
  <system-out/>
</testsuite> <!-- k_pract.flipkart -->
